{"/Users/justinstendara/Documents/HackReactor/Git/seniorPhase/sdc/qna/controllers/getRequests.js": {"path":"/Users/justinstendara/Documents/HackReactor/Git/seniorPhase/sdc/qna/controllers/getRequests.js","statementMap":{"0":{"start":{"line":5,"column":19},"end":{"line":14,"column":1}},"1":{"start":{"line":6,"column":14},"end":{"line":8,"column":26}},"2":{"start":{"line":10,"column":2},"end":{"line":12,"column":24}},"3":{"start":{"line":11,"column":21},"end":{"line":11,"column":32}},"4":{"start":{"line":12,"column":19},"end":{"line":12,"column":22}},"5":{"start":{"line":16,"column":17},"end":{"line":24,"column":1}},"6":{"start":{"line":17,"column":14},"end":{"line":19,"column":26}},"7":{"start":{"line":21,"column":2},"end":{"line":23,"column":25}},"8":{"start":{"line":22,"column":21},"end":{"line":22,"column":32}},"9":{"start":{"line":23,"column":19},"end":{"line":23,"column":22}},"10":{"start":{"line":26,"column":0},"end":{"line":29,"column":1}}},"fnMap":{"0":{"name":"(anonymous_0)","decl":{"start":{"line":5,"column":19},"end":{"line":5,"column":20}},"loc":{"start":{"line":5,"column":55},"end":{"line":14,"column":1}},"line":5},"1":{"name":"(anonymous_1)","decl":{"start":{"line":11,"column":10},"end":{"line":11,"column":11}},"loc":{"start":{"line":11,"column":21},"end":{"line":11,"column":32}},"line":11},"2":{"name":"(anonymous_2)","decl":{"start":{"line":12,"column":11},"end":{"line":12,"column":12}},"loc":{"start":{"line":12,"column":19},"end":{"line":12,"column":22}},"line":12},"3":{"name":"(anonymous_3)","decl":{"start":{"line":16,"column":17},"end":{"line":16,"column":18}},"loc":{"start":{"line":16,"column":54},"end":{"line":24,"column":1}},"line":16},"4":{"name":"(anonymous_4)","decl":{"start":{"line":22,"column":10},"end":{"line":22,"column":11}},"loc":{"start":{"line":22,"column":21},"end":{"line":22,"column":32}},"line":22},"5":{"name":"(anonymous_5)","decl":{"start":{"line":23,"column":11},"end":{"line":23,"column":12}},"loc":{"start":{"line":23,"column":19},"end":{"line":23,"column":22}},"line":23}},"branchMap":{"0":{"loc":{"start":{"line":5,"column":41},"end":{"line":5,"column":50}},"type":"default-arg","locations":[{"start":{"line":5,"column":49},"end":{"line":5,"column":50}}],"line":5},"1":{"loc":{"start":{"line":16,"column":40},"end":{"line":16,"column":49}},"type":"default-arg","locations":[{"start":{"line":16,"column":48},"end":{"line":16,"column":49}}],"line":16}},"s":{"0":1,"1":5,"2":5,"3":5,"4":0,"5":1,"6":5,"7":5,"8":4,"9":1,"10":1},"f":{"0":5,"1":5,"2":0,"3":5,"4":4,"5":1},"b":{"0":[4],"1":[4]},"_coverageSchema":"1a1c01bbd47fc00a2c39e90264f33305004495a9","hash":"a71a7e3825d3d550894dc333422ca818007491cc"}
,"/Users/justinstendara/Documents/HackReactor/Git/seniorPhase/sdc/qna/controllers/putRequests.js": {"path":"/Users/justinstendara/Documents/HackReactor/Git/seniorPhase/sdc/qna/controllers/putRequests.js","statementMap":{"0":{"start":{"line":1,"column":20},"end":{"line":6,"column":1}},"1":{"start":{"line":2,"column":14},"end":{"line":2,"column":85}},"2":{"start":{"line":3,"column":2},"end":{"line":5,"column":25}},"3":{"start":{"line":4,"column":22},"end":{"line":4,"column":29}},"4":{"start":{"line":5,"column":19},"end":{"line":5,"column":22}},"5":{"start":{"line":8,"column":0},"end":{"line":10,"column":1}}},"fnMap":{"0":{"name":"(anonymous_0)","decl":{"start":{"line":1,"column":20},"end":{"line":1,"column":21}},"loc":{"start":{"line":1,"column":39},"end":{"line":6,"column":1}},"line":1},"1":{"name":"(anonymous_1)","decl":{"start":{"line":4,"column":10},"end":{"line":4,"column":11}},"loc":{"start":{"line":4,"column":22},"end":{"line":4,"column":29}},"line":4},"2":{"name":"(anonymous_2)","decl":{"start":{"line":5,"column":11},"end":{"line":5,"column":12}},"loc":{"start":{"line":5,"column":19},"end":{"line":5,"column":22}},"line":5}},"branchMap":{},"s":{"0":1,"1":2,"2":2,"3":2,"4":0,"5":1},"f":{"0":2,"1":2,"2":0},"b":{},"_coverageSchema":"1a1c01bbd47fc00a2c39e90264f33305004495a9","hash":"894609f86fcaa03e8bc4961e6a0098905f22ab98"}
,"/Users/justinstendara/Documents/HackReactor/Git/seniorPhase/sdc/qna/testing/connectToDBTest.js": {"path":"/Users/justinstendara/Documents/HackReactor/Git/seniorPhase/sdc/qna/testing/connectToDBTest.js","statementMap":{"0":{"start":{"line":1,"column":17},"end":{"line":1,"column":30}},"1":{"start":{"line":2,"column":15},"end":{"line":4,"column":2}},"2":{"start":{"line":6,"column":0},"end":{"line":12,"column":2}},"3":{"start":{"line":7,"column":2},"end":{"line":11,"column":3}},"4":{"start":{"line":8,"column":4},"end":{"line":8,"column":80}},"5":{"start":{"line":10,"column":4},"end":{"line":10,"column":18}},"6":{"start":{"line":14,"column":0},"end":{"line":16,"column":1}}},"fnMap":{"0":{"name":"(anonymous_0)","decl":{"start":{"line":6,"column":15},"end":{"line":6,"column":16}},"loc":{"start":{"line":6,"column":22},"end":{"line":12,"column":1}},"line":6}},"branchMap":{"0":{"loc":{"start":{"line":7,"column":2},"end":{"line":11,"column":3}},"type":"if","locations":[{"start":{"line":7,"column":2},"end":{"line":11,"column":3}},{"start":{"line":9,"column":9},"end":{"line":11,"column":3}}],"line":7}},"s":{"0":2,"1":2,"2":2,"3":2,"4":0,"5":2,"6":2},"f":{"0":2},"b":{"0":[0,2]},"_coverageSchema":"1a1c01bbd47fc00a2c39e90264f33305004495a9","hash":"5960e96019cf6d3e0e032e761a6cb5cae4bbb2ad"}
}
