{"/Users/justinstendara/Documents/HackReactor/Git/seniorPhase/sdc/qna/controllers/getRequests.js": {"path":"/Users/justinstendara/Documents/HackReactor/Git/seniorPhase/sdc/qna/controllers/getRequests.js","statementMap":{"0":{"start":{"line":5,"column":19},"end":{"line":14,"column":1}},"1":{"start":{"line":6,"column":14},"end":{"line":8,"column":26}},"2":{"start":{"line":10,"column":2},"end":{"line":12,"column":24}},"3":{"start":{"line":11,"column":21},"end":{"line":11,"column":32}},"4":{"start":{"line":12,"column":19},"end":{"line":12,"column":22}},"5":{"start":{"line":16,"column":17},"end":{"line":24,"column":1}},"6":{"start":{"line":17,"column":14},"end":{"line":19,"column":26}},"7":{"start":{"line":21,"column":2},"end":{"line":23,"column":25}},"8":{"start":{"line":22,"column":21},"end":{"line":22,"column":32}},"9":{"start":{"line":23,"column":19},"end":{"line":23,"column":22}},"10":{"start":{"line":26,"column":0},"end":{"line":29,"column":1}}},"fnMap":{"0":{"name":"(anonymous_0)","decl":{"start":{"line":5,"column":19},"end":{"line":5,"column":20}},"loc":{"start":{"line":5,"column":55},"end":{"line":14,"column":1}},"line":5},"1":{"name":"(anonymous_1)","decl":{"start":{"line":11,"column":10},"end":{"line":11,"column":11}},"loc":{"start":{"line":11,"column":21},"end":{"line":11,"column":32}},"line":11},"2":{"name":"(anonymous_2)","decl":{"start":{"line":12,"column":11},"end":{"line":12,"column":12}},"loc":{"start":{"line":12,"column":19},"end":{"line":12,"column":22}},"line":12},"3":{"name":"(anonymous_3)","decl":{"start":{"line":16,"column":17},"end":{"line":16,"column":18}},"loc":{"start":{"line":16,"column":54},"end":{"line":24,"column":1}},"line":16},"4":{"name":"(anonymous_4)","decl":{"start":{"line":22,"column":10},"end":{"line":22,"column":11}},"loc":{"start":{"line":22,"column":21},"end":{"line":22,"column":32}},"line":22},"5":{"name":"(anonymous_5)","decl":{"start":{"line":23,"column":11},"end":{"line":23,"column":12}},"loc":{"start":{"line":23,"column":19},"end":{"line":23,"column":22}},"line":23}},"branchMap":{"0":{"loc":{"start":{"line":5,"column":41},"end":{"line":5,"column":50}},"type":"default-arg","locations":[{"start":{"line":5,"column":49},"end":{"line":5,"column":50}}],"line":5},"1":{"loc":{"start":{"line":16,"column":40},"end":{"line":16,"column":49}},"type":"default-arg","locations":[{"start":{"line":16,"column":48},"end":{"line":16,"column":49}}],"line":16}},"s":{"0":1,"1":5,"2":5,"3":5,"4":0,"5":1,"6":5,"7":5,"8":4,"9":1,"10":1},"f":{"0":5,"1":5,"2":0,"3":5,"4":4,"5":1},"b":{"0":[4],"1":[4]},"_coverageSchema":"1a1c01bbd47fc00a2c39e90264f33305004495a9","hash":"a71a7e3825d3d550894dc333422ca818007491cc"}
,"/Users/justinstendara/Documents/HackReactor/Git/seniorPhase/sdc/qna/controllers/helperFunctions.js": {"path":"/Users/justinstendara/Documents/HackReactor/Git/seniorPhase/sdc/qna/controllers/helperFunctions.js","statementMap":{"0":{"start":{"line":1,"column":19},"end":{"line":5,"column":1}},"1":{"start":{"line":2,"column":2},"end":{"line":4,"column":16}},"2":{"start":{"line":3,"column":4},"end":{"line":3,"column":37}},"3":{"start":{"line":7,"column":0},"end":{"line":9,"column":1}}},"fnMap":{"0":{"name":"(anonymous_0)","decl":{"start":{"line":1,"column":19},"end":{"line":1,"column":20}},"loc":{"start":{"line":1,"column":38},"end":{"line":5,"column":1}},"line":1},"1":{"name":"(anonymous_1)","decl":{"start":{"line":2,"column":17},"end":{"line":2,"column":18}},"loc":{"start":{"line":2,"column":26},"end":{"line":4,"column":3}},"line":2}},"branchMap":{},"s":{"0":1,"1":5,"2":5,"3":1},"f":{"0":5,"1":5},"b":{},"_coverageSchema":"1a1c01bbd47fc00a2c39e90264f33305004495a9","hash":"e858b06064dbe5e60e3a76bf04471dcc1f4e7f15"}
,"/Users/justinstendara/Documents/HackReactor/Git/seniorPhase/sdc/qna/controllers/postRequests.js": {"path":"/Users/justinstendara/Documents/HackReactor/Git/seniorPhase/sdc/qna/controllers/postRequests.js","statementMap":{"0":{"start":{"line":1,"column":13},"end":{"line":1,"column":33}},"1":{"start":{"line":2,"column":21},"end":{"line":2,"column":52}},"2":{"start":{"line":4,"column":19},"end":{"line":21,"column":1}},"3":{"start":{"line":6,"column":24},"end":{"line":6,"column":69}},"4":{"start":{"line":8,"column":2},"end":{"line":20,"column":7}},"5":{"start":{"line":10,"column":6},"end":{"line":10,"column":21}},"6":{"start":{"line":12,"column":19},"end":{"line":12,"column":22}},"7":{"start":{"line":14,"column":30},"end":{"line":15,"column":123}},"8":{"start":{"line":16,"column":21},"end":{"line":16,"column":31}},"9":{"start":{"line":17,"column":6},"end":{"line":19,"column":29}},"10":{"start":{"line":18,"column":26},"end":{"line":18,"column":33}},"11":{"start":{"line":19,"column":23},"end":{"line":19,"column":26}},"12":{"start":{"line":23,"column":17},"end":{"line":57,"column":1}},"13":{"start":{"line":24,"column":24},"end":{"line":24,"column":69}},"14":{"start":{"line":26,"column":2},"end":{"line":56,"column":6}},"15":{"start":{"line":28,"column":6},"end":{"line":28,"column":21}},"16":{"start":{"line":30,"column":19},"end":{"line":30,"column":22}},"17":{"start":{"line":32,"column":23},"end":{"line":33,"column":116}},"18":{"start":{"line":35,"column":21},"end":{"line":35,"column":31}},"19":{"start":{"line":36,"column":6},"end":{"line":36,"column":105}},"20":{"start":{"line":38,"column":19},"end":{"line":38,"column":22}},"21":{"start":{"line":40,"column":6},"end":{"line":42,"column":7}},"22":{"start":{"line":41,"column":8},"end":{"line":41,"column":23}},"23":{"start":{"line":43,"column":6},"end":{"line":49,"column":7}},"24":{"start":{"line":44,"column":8},"end":{"line":44,"column":23}},"25":{"start":{"line":46,"column":26},"end":{"line":46,"column":73}},"26":{"start":{"line":47,"column":26},"end":{"line":47,"column":73}},"27":{"start":{"line":48,"column":8},"end":{"line":48,"column":62}},"28":{"start":{"line":52,"column":6},"end":{"line":52,"column":21}},"29":{"start":{"line":55,"column":6},"end":{"line":55,"column":17}},"30":{"start":{"line":58,"column":0},"end":{"line":61,"column":1}}},"fnMap":{"0":{"name":"(anonymous_0)","decl":{"start":{"line":4,"column":19},"end":{"line":4,"column":20}},"loc":{"start":{"line":4,"column":57},"end":{"line":21,"column":1}},"line":4},"1":{"name":"(anonymous_1)","decl":{"start":{"line":9,"column":10},"end":{"line":9,"column":11}},"loc":{"start":{"line":9,"column":21},"end":{"line":11,"column":5}},"line":9},"2":{"name":"(anonymous_2)","decl":{"start":{"line":12,"column":11},"end":{"line":12,"column":12}},"loc":{"start":{"line":12,"column":19},"end":{"line":12,"column":22}},"line":12},"3":{"name":"(anonymous_3)","decl":{"start":{"line":13,"column":10},"end":{"line":13,"column":11}},"loc":{"start":{"line":13,"column":16},"end":{"line":20,"column":5}},"line":13},"4":{"name":"(anonymous_4)","decl":{"start":{"line":18,"column":14},"end":{"line":18,"column":15}},"loc":{"start":{"line":18,"column":26},"end":{"line":18,"column":33}},"line":18},"5":{"name":"(anonymous_5)","decl":{"start":{"line":19,"column":15},"end":{"line":19,"column":16}},"loc":{"start":{"line":19,"column":23},"end":{"line":19,"column":26}},"line":19},"6":{"name":"(anonymous_6)","decl":{"start":{"line":23,"column":17},"end":{"line":23,"column":18}},"loc":{"start":{"line":23,"column":64},"end":{"line":57,"column":1}},"line":23},"7":{"name":"(anonymous_7)","decl":{"start":{"line":27,"column":10},"end":{"line":27,"column":11}},"loc":{"start":{"line":27,"column":21},"end":{"line":29,"column":5}},"line":27},"8":{"name":"(anonymous_8)","decl":{"start":{"line":30,"column":11},"end":{"line":30,"column":12}},"loc":{"start":{"line":30,"column":19},"end":{"line":30,"column":22}},"line":30},"9":{"name":"(anonymous_9)","decl":{"start":{"line":31,"column":10},"end":{"line":31,"column":11}},"loc":{"start":{"line":31,"column":16},"end":{"line":37,"column":5}},"line":31},"10":{"name":"(anonymous_10)","decl":{"start":{"line":38,"column":11},"end":{"line":38,"column":12}},"loc":{"start":{"line":38,"column":19},"end":{"line":38,"column":22}},"line":38},"11":{"name":"(anonymous_11)","decl":{"start":{"line":39,"column":10},"end":{"line":39,"column":11}},"loc":{"start":{"line":39,"column":21},"end":{"line":50,"column":5}},"line":39},"12":{"name":"(anonymous_12)","decl":{"start":{"line":51,"column":10},"end":{"line":51,"column":11}},"loc":{"start":{"line":51,"column":21},"end":{"line":53,"column":5}},"line":51},"13":{"name":"(anonymous_13)","decl":{"start":{"line":54,"column":11},"end":{"line":54,"column":12}},"loc":{"start":{"line":54,"column":18},"end":{"line":56,"column":5}},"line":54}},"branchMap":{"0":{"loc":{"start":{"line":40,"column":6},"end":{"line":42,"column":7}},"type":"if","locations":[{"start":{"line":40,"column":6},"end":{"line":42,"column":7}},{"start":{},"end":{}}],"line":40},"1":{"loc":{"start":{"line":43,"column":6},"end":{"line":49,"column":7}},"type":"if","locations":[{"start":{"line":43,"column":6},"end":{"line":49,"column":7}},{"start":{"line":45,"column":13},"end":{"line":49,"column":7}}],"line":43}},"s":{"0":1,"1":1,"2":1,"3":3,"4":3,"5":1,"6":2,"7":3,"8":3,"9":3,"10":2,"11":1,"12":1,"13":4,"14":4,"15":1,"16":3,"17":4,"18":4,"19":4,"20":1,"21":4,"22":1,"23":3,"24":2,"25":1,"26":1,"27":1,"28":4,"29":0,"30":1},"f":{"0":3,"1":1,"2":2,"3":3,"4":2,"5":1,"6":4,"7":1,"8":3,"9":4,"10":1,"11":4,"12":4,"13":0},"b":{"0":[1,3],"1":[2,1]},"_coverageSchema":"1a1c01bbd47fc00a2c39e90264f33305004495a9","hash":"a09ca034ba6fca968a404d8d0569085ef5acb6a0"}
,"/Users/justinstendara/Documents/HackReactor/Git/seniorPhase/sdc/qna/controllers/putRequests.js": {"path":"/Users/justinstendara/Documents/HackReactor/Git/seniorPhase/sdc/qna/controllers/putRequests.js","statementMap":{"0":{"start":{"line":1,"column":20},"end":{"line":6,"column":1}},"1":{"start":{"line":2,"column":14},"end":{"line":2,"column":85}},"2":{"start":{"line":3,"column":2},"end":{"line":5,"column":25}},"3":{"start":{"line":4,"column":22},"end":{"line":4,"column":29}},"4":{"start":{"line":5,"column":19},"end":{"line":5,"column":22}},"5":{"start":{"line":8,"column":22},"end":{"line":13,"column":1}},"6":{"start":{"line":9,"column":14},"end":{"line":9,"column":89}},"7":{"start":{"line":10,"column":2},"end":{"line":12,"column":25}},"8":{"start":{"line":11,"column":22},"end":{"line":11,"column":29}},"9":{"start":{"line":12,"column":19},"end":{"line":12,"column":22}},"10":{"start":{"line":15,"column":19},"end":{"line":21,"column":1}},"11":{"start":{"line":16,"column":14},"end":{"line":16,"column":73}},"12":{"start":{"line":18,"column":2},"end":{"line":20,"column":25}},"13":{"start":{"line":19,"column":22},"end":{"line":19,"column":29}},"14":{"start":{"line":20,"column":19},"end":{"line":20,"column":22}},"15":{"start":{"line":23,"column":21},"end":{"line":29,"column":1}},"16":{"start":{"line":24,"column":14},"end":{"line":24,"column":77}},"17":{"start":{"line":26,"column":2},"end":{"line":28,"column":25}},"18":{"start":{"line":27,"column":22},"end":{"line":27,"column":29}},"19":{"start":{"line":28,"column":19},"end":{"line":28,"column":22}},"20":{"start":{"line":31,"column":0},"end":{"line":36,"column":1}}},"fnMap":{"0":{"name":"(anonymous_0)","decl":{"start":{"line":1,"column":20},"end":{"line":1,"column":21}},"loc":{"start":{"line":1,"column":39},"end":{"line":6,"column":1}},"line":1},"1":{"name":"(anonymous_1)","decl":{"start":{"line":4,"column":10},"end":{"line":4,"column":11}},"loc":{"start":{"line":4,"column":22},"end":{"line":4,"column":29}},"line":4},"2":{"name":"(anonymous_2)","decl":{"start":{"line":5,"column":11},"end":{"line":5,"column":12}},"loc":{"start":{"line":5,"column":19},"end":{"line":5,"column":22}},"line":5},"3":{"name":"(anonymous_3)","decl":{"start":{"line":8,"column":22},"end":{"line":8,"column":23}},"loc":{"start":{"line":8,"column":43},"end":{"line":13,"column":1}},"line":8},"4":{"name":"(anonymous_4)","decl":{"start":{"line":11,"column":10},"end":{"line":11,"column":11}},"loc":{"start":{"line":11,"column":22},"end":{"line":11,"column":29}},"line":11},"5":{"name":"(anonymous_5)","decl":{"start":{"line":12,"column":11},"end":{"line":12,"column":12}},"loc":{"start":{"line":12,"column":19},"end":{"line":12,"column":22}},"line":12},"6":{"name":"(anonymous_6)","decl":{"start":{"line":15,"column":19},"end":{"line":15,"column":20}},"loc":{"start":{"line":15,"column":38},"end":{"line":21,"column":1}},"line":15},"7":{"name":"(anonymous_7)","decl":{"start":{"line":19,"column":10},"end":{"line":19,"column":11}},"loc":{"start":{"line":19,"column":22},"end":{"line":19,"column":29}},"line":19},"8":{"name":"(anonymous_8)","decl":{"start":{"line":20,"column":11},"end":{"line":20,"column":12}},"loc":{"start":{"line":20,"column":19},"end":{"line":20,"column":22}},"line":20},"9":{"name":"(anonymous_9)","decl":{"start":{"line":23,"column":21},"end":{"line":23,"column":22}},"loc":{"start":{"line":23,"column":42},"end":{"line":29,"column":1}},"line":23},"10":{"name":"(anonymous_10)","decl":{"start":{"line":27,"column":10},"end":{"line":27,"column":11}},"loc":{"start":{"line":27,"column":22},"end":{"line":27,"column":29}},"line":27},"11":{"name":"(anonymous_11)","decl":{"start":{"line":28,"column":11},"end":{"line":28,"column":12}},"loc":{"start":{"line":28,"column":19},"end":{"line":28,"column":22}},"line":28}},"branchMap":{},"s":{"0":1,"1":2,"2":2,"3":2,"4":0,"5":1,"6":2,"7":2,"8":2,"9":0,"10":1,"11":2,"12":2,"13":2,"14":0,"15":1,"16":2,"17":2,"18":2,"19":0,"20":1},"f":{"0":2,"1":2,"2":0,"3":2,"4":2,"5":0,"6":2,"7":2,"8":0,"9":2,"10":2,"11":0},"b":{},"_coverageSchema":"1a1c01bbd47fc00a2c39e90264f33305004495a9","hash":"58dcab70f83f6e40ca4e527f0f4792b648546522"}
,"/Users/justinstendara/Documents/HackReactor/Git/seniorPhase/sdc/qna/testing/connectToDBTest.js": {"path":"/Users/justinstendara/Documents/HackReactor/Git/seniorPhase/sdc/qna/testing/connectToDBTest.js","statementMap":{"0":{"start":{"line":1,"column":17},"end":{"line":1,"column":30}},"1":{"start":{"line":2,"column":15},"end":{"line":4,"column":2}},"2":{"start":{"line":6,"column":0},"end":{"line":12,"column":2}},"3":{"start":{"line":7,"column":2},"end":{"line":11,"column":3}},"4":{"start":{"line":8,"column":4},"end":{"line":8,"column":80}},"5":{"start":{"line":10,"column":4},"end":{"line":10,"column":18}},"6":{"start":{"line":14,"column":0},"end":{"line":16,"column":1}}},"fnMap":{"0":{"name":"(anonymous_0)","decl":{"start":{"line":6,"column":15},"end":{"line":6,"column":16}},"loc":{"start":{"line":6,"column":22},"end":{"line":12,"column":1}},"line":6}},"branchMap":{"0":{"loc":{"start":{"line":7,"column":2},"end":{"line":11,"column":3}},"type":"if","locations":[{"start":{"line":7,"column":2},"end":{"line":11,"column":3}},{"start":{"line":9,"column":9},"end":{"line":11,"column":3}}],"line":7}},"s":{"0":3,"1":3,"2":3,"3":3,"4":0,"5":3,"6":3},"f":{"0":3},"b":{"0":[0,3]},"_coverageSchema":"1a1c01bbd47fc00a2c39e90264f33305004495a9","hash":"5960e96019cf6d3e0e032e761a6cb5cae4bbb2ad"}
}
