TN:
SF:controllers/getRequests.js
FN:5,(anonymous_0)
FN:11,(anonymous_1)
FN:12,(anonymous_2)
FN:16,(anonymous_3)
FN:22,(anonymous_4)
FN:23,(anonymous_5)
FNF:6
FNH:5
FNDA:5,(anonymous_0)
FNDA:5,(anonymous_1)
FNDA:0,(anonymous_2)
FNDA:5,(anonymous_3)
FNDA:4,(anonymous_4)
FNDA:1,(anonymous_5)
DA:5,1
DA:6,5
DA:10,5
DA:11,5
DA:12,0
DA:16,1
DA:17,5
DA:21,5
DA:22,4
DA:23,1
DA:26,1
LF:11
LH:10
BRDA:5,0,0,4
BRDA:16,1,0,4
BRF:2
BRH:2
end_of_record
TN:
SF:controllers/helperFunctions.js
FN:1,(anonymous_0)
FN:2,(anonymous_1)
FNF:2
FNH:2
FNDA:5,(anonymous_0)
FNDA:5,(anonymous_1)
DA:1,1
DA:2,5
DA:3,5
DA:7,1
LF:4
LH:4
BRF:0
BRH:0
end_of_record
TN:
SF:controllers/postRequests.js
FN:4,(anonymous_0)
FN:9,(anonymous_1)
FN:12,(anonymous_2)
FN:13,(anonymous_3)
FN:18,(anonymous_4)
FN:19,(anonymous_5)
FN:23,(anonymous_6)
FN:27,(anonymous_7)
FN:30,(anonymous_8)
FN:31,(anonymous_9)
FN:38,(anonymous_10)
FN:39,(anonymous_11)
FN:51,(anonymous_12)
FN:54,(anonymous_13)
FNF:14
FNH:13
FNDA:3,(anonymous_0)
FNDA:1,(anonymous_1)
FNDA:2,(anonymous_2)
FNDA:3,(anonymous_3)
FNDA:2,(anonymous_4)
FNDA:1,(anonymous_5)
FNDA:4,(anonymous_6)
FNDA:1,(anonymous_7)
FNDA:3,(anonymous_8)
FNDA:4,(anonymous_9)
FNDA:1,(anonymous_10)
FNDA:4,(anonymous_11)
FNDA:4,(anonymous_12)
FNDA:0,(anonymous_13)
DA:1,1
DA:2,1
DA:4,1
DA:6,3
DA:8,3
DA:10,1
DA:12,2
DA:14,3
DA:16,3
DA:17,3
DA:18,2
DA:19,1
DA:23,1
DA:24,4
DA:26,4
DA:28,1
DA:30,3
DA:32,4
DA:35,4
DA:36,4
DA:38,1
DA:40,4
DA:41,1
DA:43,3
DA:44,2
DA:46,1
DA:47,1
DA:48,1
DA:52,4
DA:55,0
DA:58,1
LF:31
LH:30
BRDA:40,0,0,1
BRDA:40,0,1,3
BRDA:43,1,0,2
BRDA:43,1,1,1
BRF:4
BRH:4
end_of_record
TN:
SF:controllers/putRequests.js
FN:1,(anonymous_0)
FN:4,(anonymous_1)
FN:5,(anonymous_2)
FN:8,(anonymous_3)
FN:11,(anonymous_4)
FN:12,(anonymous_5)
FN:15,(anonymous_6)
FN:19,(anonymous_7)
FN:20,(anonymous_8)
FN:23,(anonymous_9)
FN:27,(anonymous_10)
FN:28,(anonymous_11)
FNF:12
FNH:8
FNDA:2,(anonymous_0)
FNDA:2,(anonymous_1)
FNDA:0,(anonymous_2)
FNDA:2,(anonymous_3)
FNDA:2,(anonymous_4)
FNDA:0,(anonymous_5)
FNDA:2,(anonymous_6)
FNDA:2,(anonymous_7)
FNDA:0,(anonymous_8)
FNDA:2,(anonymous_9)
FNDA:2,(anonymous_10)
FNDA:0,(anonymous_11)
DA:1,1
DA:2,2
DA:3,2
DA:4,2
DA:5,0
DA:8,1
DA:9,2
DA:10,2
DA:11,2
DA:12,0
DA:15,1
DA:16,2
DA:18,2
DA:19,2
DA:20,0
DA:23,1
DA:24,2
DA:26,2
DA:27,2
DA:28,0
DA:31,1
LF:21
LH:17
BRF:0
BRH:0
end_of_record
TN:
SF:testing/connectToDBTest.js
FN:6,(anonymous_0)
FNF:1
FNH:1
FNDA:3,(anonymous_0)
DA:1,3
DA:2,3
DA:6,3
DA:7,3
DA:8,0
DA:10,3
DA:14,3
LF:7
LH:6
BRDA:7,0,0,0
BRDA:7,0,1,3
BRF:2
BRH:1
end_of_record
