TN:
SF:controllers/getRequests.js
FN:5,(anonymous_0)
FN:11,(anonymous_1)
FN:12,(anonymous_2)
FN:16,(anonymous_3)
FN:22,(anonymous_4)
FN:23,(anonymous_5)
FNF:6
FNH:5
FNDA:5,(anonymous_0)
FNDA:5,(anonymous_1)
FNDA:0,(anonymous_2)
FNDA:5,(anonymous_3)
FNDA:4,(anonymous_4)
FNDA:1,(anonymous_5)
DA:5,1
DA:6,5
DA:10,5
DA:11,5
DA:12,0
DA:16,1
DA:17,5
DA:21,5
DA:22,4
DA:23,1
DA:26,1
LF:11
LH:10
BRDA:5,0,0,4
BRDA:16,1,0,4
BRF:2
BRH:2
end_of_record
TN:
SF:controllers/putRequests.js
FN:1,(anonymous_0)
FN:4,(anonymous_1)
FN:5,(anonymous_2)
FNF:3
FNH:2
FNDA:2,(anonymous_0)
FNDA:2,(anonymous_1)
FNDA:0,(anonymous_2)
DA:1,1
DA:2,2
DA:3,2
DA:4,2
DA:5,0
DA:8,1
LF:6
LH:5
BRF:0
BRH:0
end_of_record
TN:
SF:testing/connectToDBTest.js
FN:6,(anonymous_0)
FNF:1
FNH:1
FNDA:2,(anonymous_0)
DA:1,2
DA:2,2
DA:6,2
DA:7,2
DA:8,0
DA:10,2
DA:14,2
LF:7
LH:6
BRDA:7,0,0,0
BRDA:7,0,1,2
BRF:2
BRH:1
end_of_record
